<?xml version="1.0" encoding="UTF-8"?>
<!-- Generated by org.testng.reporters.JUnitXMLReporter -->
<testsuite hostname="SaNj" ignored="0" name="Test" tests="10" failures="1" timestamp="2022-05-17T20:53:55 IST" time="131.534" errors="0">
  <testcase name="page1" time="10.943" classname="com.runner.TestCase"/>
  <testcase name="page2" time="0.264" classname="com.runner.TestCase"/>
  <testcase name="page3" time="12.468" classname="com.runner.TestCase"/>
  <testcase name="page4" time="4.355" classname="com.runner.TestCase"/>
  <testcase name="page5" time="3.494" classname="com.runner.TestCase"/>
  <testcase name="page6" time="4.852" classname="com.runner.TestCase"/>
  <testcase name="page7" time="8.809" classname="com.runner.TestCase"/>
  <testcase name="page8" time="2.846" classname="com.runner.TestCase">
    <failure type="org.openqa.selenium.ElementClickInterceptedException" message="element click intercepted: Element &amp;lt;span class=&amp;quot;search-icon icofont-search&amp;quot;&amp;gt;&amp;lt;/span&amp;gt; is not clickable at point (948, 80). Other element would receive the click: &amp;lt;span class=&amp;quot;topnav_itemname&amp;quot;&amp;gt;...&amp;lt;/span&amp;gt;
  (Session info: chrome=101.0.4951.67)
Build info: version: &amp;apos;4.1.1&amp;apos;, revision: &amp;apos;e8fcc2cecf&amp;apos;
System info: host: &amp;apos;SANJ&amp;apos;, ip: &amp;apos;192.168.205.162&amp;apos;, os.name: &amp;apos;Windows 10&amp;apos;, os.arch: &amp;apos;amd64&amp;apos;, os.version: &amp;apos;10.0&amp;apos;, java.version: &amp;apos;1.8.0_202&amp;apos;
Driver info: org.openqa.selenium.chrome.ChromeDriver
Command: [ef64db9326af0cdf32a4340740f67fef, clickElement {id=5528b161-ad17-4d9c-a829-2db51e011909}]
Capabilities {acceptInsecureCerts: false, browserName: chrome, browserVersion: 101.0.4951.67, chrome: {chromedriverVersion: 100.0.4896.60 (6a5d10861ce8..., userDataDir: C:\Users\DELL\AppData\Local...}, goog:chromeOptions: {debuggerAddress: localhost:58181}, javascriptEnabled: true, networkConnectionEnabled: false, pageLoadStrategy: normal, platform: WINDOWS, platformName: WINDOWS, proxy: Proxy(), se:cdp: ws://localhost:58181/devtoo..., se:cdpVersion: 101.0.4951.67, setWindowRect: true, strictFileInteractability: false, timeouts: {implicit: 0, pageLoad: 300000, script: 30000}, unhandledPromptBehavior: dismiss and notify, webauthn:extension:credBlob: true, webauthn:extension:largeBlob: true, webauthn:virtualAuthenticators: true}
Element: [[ChromeDriver: chrome on WINDOWS (ef64db9326af0cdf32a4340740f67fef)] -&amp;gt; xpath: //span[@class=&amp;apos;search-icon icofont-search&amp;apos;]]
Session ID: ef64db9326af0cdf32a4340740f67fef">
      <![CDATA[org.openqa.selenium.ElementClickInterceptedException: element click intercepted: Element <span class="search-icon icofont-search"></span> is not clickable at point (948, 80). Other element would receive the click: <span class="topnav_itemname">...</span>
  (Session info: chrome=101.0.4951.67)
Build info: version: '4.1.1', revision: 'e8fcc2cecf'
System info: host: 'SANJ', ip: '192.168.205.162', os.name: 'Windows 10', os.arch: 'amd64', os.version: '10.0', java.version: '1.8.0_202'
Driver info: org.openqa.selenium.chrome.ChromeDriver
Command: [ef64db9326af0cdf32a4340740f67fef, clickElement {id=5528b161-ad17-4d9c-a829-2db51e011909}]
Capabilities {acceptInsecureCerts: false, browserName: chrome, browserVersion: 101.0.4951.67, chrome: {chromedriverVersion: 100.0.4896.60 (6a5d10861ce8..., userDataDir: C:\Users\DELL\AppData\Local...}, goog:chromeOptions: {debuggerAddress: localhost:58181}, javascriptEnabled: true, networkConnectionEnabled: false, pageLoadStrategy: normal, platform: WINDOWS, platformName: WINDOWS, proxy: Proxy(), se:cdp: ws://localhost:58181/devtoo..., se:cdpVersion: 101.0.4951.67, setWindowRect: true, strictFileInteractability: false, timeouts: {implicit: 0, pageLoad: 300000, script: 30000}, unhandledPromptBehavior: dismiss and notify, webauthn:extension:credBlob: true, webauthn:extension:largeBlob: true, webauthn:virtualAuthenticators: true}
Element: [[ChromeDriver: chrome on WINDOWS (ef64db9326af0cdf32a4340740f67fef)] -> xpath: //span[@class='search-icon icofont-search']]
Session ID: ef64db9326af0cdf32a4340740f67fef
at org.openqa.selenium.remote.codec.w3c.W3CHttpResponseCodec.createException(W3CHttpResponseCodec.java:200)
at org.openqa.selenium.remote.codec.w3c.W3CHttpResponseCodec.decode(W3CHttpResponseCodec.java:133)
at org.openqa.selenium.remote.codec.w3c.W3CHttpResponseCodec.decode(W3CHttpResponseCodec.java:53)
at org.openqa.selenium.remote.HttpCommandExecutor.execute(HttpCommandExecutor.java:184)
at org.openqa.selenium.remote.service.DriverCommandExecutor.invokeExecute(DriverCommandExecutor.java:167)
at org.openqa.selenium.remote.service.DriverCommandExecutor.execute(DriverCommandExecutor.java:142)
at org.openqa.selenium.remote.RemoteWebDriver.execute(RemoteWebDriver.java:543)
at org.openqa.selenium.remote.RemoteWebElement.execute(RemoteWebElement.java:251)
at org.openqa.selenium.remote.RemoteWebElement.click(RemoteWebElement.java:77)
at com.PageObject.TvUnitsPage.tvUnits(TvUnitsPage.java:34)
at com.runner.TestCase.page8(TestCase.java:101)
at java.util.ArrayList.forEach(ArrayList.java:1257)
... Removed 31 stack frames]]>
    </failure>
  </testcase> <!-- page8 -->
  <testcase name="page9" time="7.575" classname="com.runner.TestCase"/>
  <testcase name="page10" time="9.238" classname="com.runner.TestCase"/>
</testsuite> <!-- Test -->
