<?xml version="1.0" encoding="UTF-8"?>
<testng-results skipped="0" failed="1" ignored="0" total="10" passed="9">
  <reporter-output>
    <line>
      <![CDATA[trying to start browser and ready]]>
    </line>
    <line>
      <![CDATA[application and browser is running]]>
    </line>
    <line>
      <![CDATA[Test is going to end]]>
    </line>
    <line>
      <![CDATA[completed successfully...Report generated]]>
    </line>
    <line>
      <![CDATA[Test is going to end]]>
    </line>
    <line>
      <![CDATA[completed successfully...Report generated]]>
    </line>
    <line>
      <![CDATA[Test is going to end]]>
    </line>
    <line>
      <![CDATA[completed successfully...Report generated]]>
    </line>
    <line>
      <![CDATA[Test is going to end]]>
    </line>
    <line>
      <![CDATA[completed successfully...Report generated]]>
    </line>
    <line>
      <![CDATA[Test is going to end]]>
    </line>
    <line>
      <![CDATA[completed successfully...Report generated]]>
    </line>
    <line>
      <![CDATA[Test is going to end]]>
    </line>
    <line>
      <![CDATA[completed successfully...Report generated]]>
    </line>
    <line>
      <![CDATA[Test is going to end]]>
    </line>
    <line>
      <![CDATA[completed successfully...Report generated]]>
    </line>
    <line>
      <![CDATA[Test is going to end]]>
    </line>
    <line>
      <![CDATA[completed successfully...Report generated]]>
    </line>
    <line>
      <![CDATA[Test is going to end]]>
    </line>
    <line>
      <![CDATA[completed successfully...Report generated]]>
    </line>
    <line>
      <![CDATA[Test is going to end]]>
    </line>
    <line>
      <![CDATA[completed successfully...Report generated]]>
    </line>
  </reporter-output>
  <suite name="Suite" duration-ms="126275" started-at="2022-05-17T21:04:38 IST" finished-at="2022-05-17T21:06:45 IST">
    <groups>
    </groups>
    <test name="Test" duration-ms="126275" started-at="2022-05-17T21:04:38 IST" finished-at="2022-05-17T21:06:45 IST">
      <class name="com.runner.TestCase">
        <test-method status="PASS" signature="setUpSuit()[pri:0, instance:com.runner.TestCase@43814d18]" name="setUpSuit" is-config="true" duration-ms="1701" started-at="2022-05-17T21:04:37 IST" finished-at="2022-05-17T21:04:38 IST">
          <reporter-output>
          </reporter-output>
        </test-method> <!-- setUpSuit -->
        <test-method status="PASS" signature="setup()[pri:0, instance:com.runner.TestCase@43814d18]" name="setup" is-config="true" duration-ms="38417" started-at="2022-05-17T21:04:38 IST" finished-at="2022-05-17T21:05:17 IST">
          <reporter-output>
            <line>
              <![CDATA[trying to start browser and ready]]>
            </line>
            <line>
              <![CDATA[application and browser is running]]>
            </line>
          </reporter-output>
        </test-method> <!-- setup -->
        <test-method status="PASS" signature="page1()[pri:1, instance:com.runner.TestCase@43814d18]" name="page1" duration-ms="18079" started-at="2022-05-17T21:05:17 IST" finished-at="2022-05-17T21:05:35 IST">
          <reporter-output>
          </reporter-output>
        </test-method> <!-- page1 -->
        <test-method status="PASS" signature="tearDownMethod(org.testng.ITestResult)[pri:0, instance:com.runner.TestCase@43814d18]" name="tearDownMethod" is-config="true" duration-ms="3320" started-at="2022-05-17T21:05:35 IST" finished-at="2022-05-17T21:05:38 IST">
          <params>
            <param index="0">
              <value>
                <![CDATA[[TestResult name=page1 status=SUCCESS method=TestCase.page1()[pri:1, instance:com.runner.TestCase@43814d18] output={null}]]]>
              </value>
            </param>
          </params>
          <reporter-output>
            <line>
              <![CDATA[Test is going to end]]>
            </line>
            <line>
              <![CDATA[completed successfully...Report generated]]>
            </line>
          </reporter-output>
        </test-method> <!-- tearDownMethod -->
        <test-method status="PASS" signature="page2()[pri:2, instance:com.runner.TestCase@43814d18]" name="page2" duration-ms="342" started-at="2022-05-17T21:05:38 IST" finished-at="2022-05-17T21:05:39 IST">
          <reporter-output>
          </reporter-output>
        </test-method> <!-- page2 -->
        <test-method status="PASS" signature="tearDownMethod(org.testng.ITestResult)[pri:0, instance:com.runner.TestCase@43814d18]" name="tearDownMethod" is-config="true" duration-ms="764" started-at="2022-05-17T21:05:39 IST" finished-at="2022-05-17T21:05:39 IST">
          <params>
            <param index="0">
              <value>
                <![CDATA[[TestResult name=page2 status=SUCCESS method=TestCase.page2()[pri:2, instance:com.runner.TestCase@43814d18] output={null}]]]>
              </value>
            </param>
          </params>
          <reporter-output>
            <line>
              <![CDATA[Test is going to end]]>
            </line>
            <line>
              <![CDATA[completed successfully...Report generated]]>
            </line>
          </reporter-output>
        </test-method> <!-- tearDownMethod -->
        <test-method status="PASS" signature="page3()[pri:3, instance:com.runner.TestCase@43814d18]" name="page3" duration-ms="15926" started-at="2022-05-17T21:05:39 IST" finished-at="2022-05-17T21:05:55 IST">
          <reporter-output>
          </reporter-output>
        </test-method> <!-- page3 -->
        <test-method status="PASS" signature="tearDownMethod(org.testng.ITestResult)[pri:0, instance:com.runner.TestCase@43814d18]" name="tearDownMethod" is-config="true" duration-ms="1468" started-at="2022-05-17T21:05:55 IST" finished-at="2022-05-17T21:05:57 IST">
          <params>
            <param index="0">
              <value>
                <![CDATA[[TestResult name=page3 status=SUCCESS method=TestCase.page3()[pri:3, instance:com.runner.TestCase@43814d18] output={null}]]]>
              </value>
            </param>
          </params>
          <reporter-output>
            <line>
              <![CDATA[Test is going to end]]>
            </line>
            <line>
              <![CDATA[completed successfully...Report generated]]>
            </line>
          </reporter-output>
        </test-method> <!-- tearDownMethod -->
        <test-method status="PASS" signature="page4()[pri:4, instance:com.runner.TestCase@43814d18]" name="page4" duration-ms="5046" started-at="2022-05-17T21:05:57 IST" finished-at="2022-05-17T21:06:02 IST">
          <reporter-output>
          </reporter-output>
        </test-method> <!-- page4 -->
        <test-method status="PASS" signature="tearDownMethod(org.testng.ITestResult)[pri:0, instance:com.runner.TestCase@43814d18]" name="tearDownMethod" is-config="true" duration-ms="451" started-at="2022-05-17T21:06:02 IST" finished-at="2022-05-17T21:06:02 IST">
          <params>
            <param index="0">
              <value>
                <![CDATA[[TestResult name=page4 status=SUCCESS method=TestCase.page4()[pri:4, instance:com.runner.TestCase@43814d18] output={null}]]]>
              </value>
            </param>
          </params>
          <reporter-output>
            <line>
              <![CDATA[Test is going to end]]>
            </line>
            <line>
              <![CDATA[completed successfully...Report generated]]>
            </line>
          </reporter-output>
        </test-method> <!-- tearDownMethod -->
        <test-method status="PASS" signature="page5()[pri:5, instance:com.runner.TestCase@43814d18]" name="page5" duration-ms="5528" started-at="2022-05-17T21:06:02 IST" finished-at="2022-05-17T21:06:08 IST">
          <reporter-output>
          </reporter-output>
        </test-method> <!-- page5 -->
        <test-method status="PASS" signature="tearDownMethod(org.testng.ITestResult)[pri:0, instance:com.runner.TestCase@43814d18]" name="tearDownMethod" is-config="true" duration-ms="744" started-at="2022-05-17T21:06:08 IST" finished-at="2022-05-17T21:06:09 IST">
          <params>
            <param index="0">
              <value>
                <![CDATA[[TestResult name=page5 status=SUCCESS method=TestCase.page5()[pri:5, instance:com.runner.TestCase@43814d18] output={null}]]]>
              </value>
            </param>
          </params>
          <reporter-output>
            <line>
              <![CDATA[Test is going to end]]>
            </line>
            <line>
              <![CDATA[completed successfully...Report generated]]>
            </line>
          </reporter-output>
        </test-method> <!-- tearDownMethod -->
        <test-method status="PASS" signature="page6()[pri:6, instance:com.runner.TestCase@43814d18]" name="page6" duration-ms="6210" started-at="2022-05-17T21:06:09 IST" finished-at="2022-05-17T21:06:15 IST">
          <reporter-output>
          </reporter-output>
        </test-method> <!-- page6 -->
        <test-method status="PASS" signature="tearDownMethod(org.testng.ITestResult)[pri:0, instance:com.runner.TestCase@43814d18]" name="tearDownMethod" is-config="true" duration-ms="942" started-at="2022-05-17T21:06:15 IST" finished-at="2022-05-17T21:06:16 IST">
          <params>
            <param index="0">
              <value>
                <![CDATA[[TestResult name=page6 status=SUCCESS method=TestCase.page6()[pri:6, instance:com.runner.TestCase@43814d18] output={null}]]]>
              </value>
            </param>
          </params>
          <reporter-output>
            <line>
              <![CDATA[Test is going to end]]>
            </line>
            <line>
              <![CDATA[completed successfully...Report generated]]>
            </line>
          </reporter-output>
        </test-method> <!-- tearDownMethod -->
        <test-method status="PASS" signature="page7()[pri:7, instance:com.runner.TestCase@43814d18]" name="page7" duration-ms="8960" started-at="2022-05-17T21:06:16 IST" finished-at="2022-05-17T21:06:25 IST">
          <reporter-output>
          </reporter-output>
        </test-method> <!-- page7 -->
        <test-method status="PASS" signature="tearDownMethod(org.testng.ITestResult)[pri:0, instance:com.runner.TestCase@43814d18]" name="tearDownMethod" is-config="true" duration-ms="625" started-at="2022-05-17T21:06:25 IST" finished-at="2022-05-17T21:06:25 IST">
          <params>
            <param index="0">
              <value>
                <![CDATA[[TestResult name=page7 status=SUCCESS method=TestCase.page7()[pri:7, instance:com.runner.TestCase@43814d18] output={null}]]]>
              </value>
            </param>
          </params>
          <reporter-output>
            <line>
              <![CDATA[Test is going to end]]>
            </line>
            <line>
              <![CDATA[completed successfully...Report generated]]>
            </line>
          </reporter-output>
        </test-method> <!-- tearDownMethod -->
        <test-method status="FAIL" signature="page8()[pri:8, instance:com.runner.TestCase@43814d18]" name="page8" duration-ms="1852" started-at="2022-05-17T21:06:25 IST" finished-at="2022-05-17T21:06:27 IST">
          <exception class="org.openqa.selenium.ElementClickInterceptedException">
            <message>
              <![CDATA[element click intercepted: Element <span class="search-icon icofont-search"></span> is not clickable at point (948, 80). Other element would receive the click: <span class="topnav_itemname">...</span>
  (Session info: chrome=101.0.4951.67)
Build info: version: '4.1.1', revision: 'e8fcc2cecf'
System info: host: 'SANJ', ip: '192.168.205.162', os.name: 'Windows 10', os.arch: 'amd64', os.version: '10.0', java.version: '1.8.0_202'
Driver info: org.openqa.selenium.chrome.ChromeDriver
Command: [ce9468bf3cdd557350710bf97746edb6, clickElement {id=71b3eac6-473c-418d-b03d-f52a3678a897}]
Capabilities {acceptInsecureCerts: false, browserName: chrome, browserVersion: 101.0.4951.67, chrome: {chromedriverVersion: 100.0.4896.60 (6a5d10861ce8..., userDataDir: C:\Users\DELL\AppData\Local...}, goog:chromeOptions: {debuggerAddress: localhost:58615}, javascriptEnabled: true, networkConnectionEnabled: false, pageLoadStrategy: normal, platform: WINDOWS, platformName: WINDOWS, proxy: Proxy(), se:cdp: ws://localhost:58615/devtoo..., se:cdpVersion: 101.0.4951.67, setWindowRect: true, strictFileInteractability: false, timeouts: {implicit: 0, pageLoad: 300000, script: 30000}, unhandledPromptBehavior: dismiss and notify, webauthn:extension:credBlob: true, webauthn:extension:largeBlob: true, webauthn:virtualAuthenticators: true}
Element: [[ChromeDriver: chrome on WINDOWS (ce9468bf3cdd557350710bf97746edb6)] -> xpath: //span[@class='search-icon icofont-search']]
Session ID: ce9468bf3cdd557350710bf97746edb6]]>
            </message>
            <full-stacktrace>
              <![CDATA[org.openqa.selenium.ElementClickInterceptedException: element click intercepted: Element <span class="search-icon icofont-search"></span> is not clickable at point (948, 80). Other element would receive the click: <span class="topnav_itemname">...</span>
  (Session info: chrome=101.0.4951.67)
Build info: version: '4.1.1', revision: 'e8fcc2cecf'
System info: host: 'SANJ', ip: '192.168.205.162', os.name: 'Windows 10', os.arch: 'amd64', os.version: '10.0', java.version: '1.8.0_202'
Driver info: org.openqa.selenium.chrome.ChromeDriver
Command: [ce9468bf3cdd557350710bf97746edb6, clickElement {id=71b3eac6-473c-418d-b03d-f52a3678a897}]
Capabilities {acceptInsecureCerts: false, browserName: chrome, browserVersion: 101.0.4951.67, chrome: {chromedriverVersion: 100.0.4896.60 (6a5d10861ce8..., userDataDir: C:\Users\DELL\AppData\Local...}, goog:chromeOptions: {debuggerAddress: localhost:58615}, javascriptEnabled: true, networkConnectionEnabled: false, pageLoadStrategy: normal, platform: WINDOWS, platformName: WINDOWS, proxy: Proxy(), se:cdp: ws://localhost:58615/devtoo..., se:cdpVersion: 101.0.4951.67, setWindowRect: true, strictFileInteractability: false, timeouts: {implicit: 0, pageLoad: 300000, script: 30000}, unhandledPromptBehavior: dismiss and notify, webauthn:extension:credBlob: true, webauthn:extension:largeBlob: true, webauthn:virtualAuthenticators: true}
Element: [[ChromeDriver: chrome on WINDOWS (ce9468bf3cdd557350710bf97746edb6)] -> xpath: //span[@class='search-icon icofont-search']]
Session ID: ce9468bf3cdd557350710bf97746edb6
at sun.reflect.NativeConstructorAccessorImpl.newInstance0(Native Method)
at sun.reflect.NativeConstructorAccessorImpl.newInstance(NativeConstructorAccessorImpl.java:62)
at sun.reflect.DelegatingConstructorAccessorImpl.newInstance(DelegatingConstructorAccessorImpl.java:45)
at java.lang.reflect.Constructor.newInstance(Constructor.java:423)
at org.openqa.selenium.remote.codec.w3c.W3CHttpResponseCodec.createException(W3CHttpResponseCodec.java:200)
at org.openqa.selenium.remote.codec.w3c.W3CHttpResponseCodec.decode(W3CHttpResponseCodec.java:133)
at org.openqa.selenium.remote.codec.w3c.W3CHttpResponseCodec.decode(W3CHttpResponseCodec.java:53)
at org.openqa.selenium.remote.HttpCommandExecutor.execute(HttpCommandExecutor.java:184)
at org.openqa.selenium.remote.service.DriverCommandExecutor.invokeExecute(DriverCommandExecutor.java:167)
at org.openqa.selenium.remote.service.DriverCommandExecutor.execute(DriverCommandExecutor.java:142)
at org.openqa.selenium.remote.RemoteWebDriver.execute(RemoteWebDriver.java:543)
at org.openqa.selenium.remote.RemoteWebElement.execute(RemoteWebElement.java:251)
at org.openqa.selenium.remote.RemoteWebElement.click(RemoteWebElement.java:77)
at com.PageObject.TvUnitsPage.tvUnits(TvUnitsPage.java:34)
at com.runner.TestCase.page8(TestCase.java:101)
at sun.reflect.NativeMethodAccessorImpl.invoke0(Native Method)
at sun.reflect.NativeMethodAccessorImpl.invoke(NativeMethodAccessorImpl.java:62)
at sun.reflect.DelegatingMethodAccessorImpl.invoke(DelegatingMethodAccessorImpl.java:43)
at java.lang.reflect.Method.invoke(Method.java:498)
at org.testng.internal.MethodInvocationHelper.invokeMethod(MethodInvocationHelper.java:134)
at org.testng.internal.TestInvoker.invokeMethod(TestInvoker.java:597)
at org.testng.internal.TestInvoker.invokeTestMethod(TestInvoker.java:173)
at org.testng.internal.MethodRunner.runInSequence(MethodRunner.java:46)
at org.testng.internal.TestInvoker$MethodInvocationAgent.invoke(TestInvoker.java:816)
at org.testng.internal.TestInvoker.invokeTestMethods(TestInvoker.java:146)
at org.testng.internal.TestMethodWorker.invokeTestMethods(TestMethodWorker.java:146)
at org.testng.internal.TestMethodWorker.run(TestMethodWorker.java:128)
at java.util.ArrayList.forEach(ArrayList.java:1257)
at org.testng.TestRunner.privateRun(TestRunner.java:766)
at org.testng.TestRunner.run(TestRunner.java:587)
at org.testng.SuiteRunner.runTest(SuiteRunner.java:384)
at org.testng.SuiteRunner.runSequentially(SuiteRunner.java:378)
at org.testng.SuiteRunner.privateRun(SuiteRunner.java:337)
at org.testng.SuiteRunner.run(SuiteRunner.java:286)
at org.testng.SuiteRunnerWorker.runSuite(SuiteRunnerWorker.java:53)
at org.testng.SuiteRunnerWorker.run(SuiteRunnerWorker.java:96)
at org.testng.TestNG.runSuitesSequentially(TestNG.java:1187)
at org.testng.TestNG.runSuitesLocally(TestNG.java:1109)
at org.testng.TestNG.runSuites(TestNG.java:1039)
at org.testng.TestNG.run(TestNG.java:1007)
at org.apache.maven.surefire.testng.TestNGExecutor.run(TestNGExecutor.java:283)
at org.apache.maven.surefire.testng.TestNGXmlTestSuite.execute(TestNGXmlTestSuite.java:75)
at org.apache.maven.surefire.testng.TestNGProvider.invoke(TestNGProvider.java:120)
at org.apache.maven.surefire.booter.ForkedBooter.invokeProviderInSameClassLoader(ForkedBooter.java:384)
at org.apache.maven.surefire.booter.ForkedBooter.runSuitesInProcess(ForkedBooter.java:345)
at org.apache.maven.surefire.booter.ForkedBooter.execute(ForkedBooter.java:126)
at org.apache.maven.surefire.booter.ForkedBooter.main(ForkedBooter.java:418)
]]>
            </full-stacktrace>
          </exception> <!-- org.openqa.selenium.ElementClickInterceptedException -->
          <reporter-output>
          </reporter-output>
        </test-method> <!-- page8 -->
        <test-method status="PASS" signature="tearDownMethod(org.testng.ITestResult)[pri:0, instance:com.runner.TestCase@43814d18]" name="tearDownMethod" is-config="true" duration-ms="27" started-at="2022-05-17T21:06:27 IST" finished-at="2022-05-17T21:06:27 IST">
          <params>
            <param index="0">
              <value>
                <![CDATA[[TestResult name=page8 status=FAILURE method=TestCase.page8()[pri:8, instance:com.runner.TestCase@43814d18] output={null}]]]>
              </value>
            </param>
          </params>
          <reporter-output>
            <line>
              <![CDATA[Test is going to end]]>
            </line>
            <line>
              <![CDATA[completed successfully...Report generated]]>
            </line>
          </reporter-output>
        </test-method> <!-- tearDownMethod -->
        <test-method status="PASS" signature="page9()[pri:9, instance:com.runner.TestCase@43814d18]" name="page9" duration-ms="5868" started-at="2022-05-17T21:06:27 IST" finished-at="2022-05-17T21:06:33 IST">
          <reporter-output>
          </reporter-output>
        </test-method> <!-- page9 -->
        <test-method status="PASS" signature="tearDownMethod(org.testng.ITestResult)[pri:0, instance:com.runner.TestCase@43814d18]" name="tearDownMethod" is-config="true" duration-ms="786" started-at="2022-05-17T21:06:33 IST" finished-at="2022-05-17T21:06:34 IST">
          <params>
            <param index="0">
              <value>
                <![CDATA[[TestResult name=page9 status=SUCCESS method=TestCase.page9()[pri:9, instance:com.runner.TestCase@43814d18] output={null}]]]>
              </value>
            </param>
          </params>
          <reporter-output>
            <line>
              <![CDATA[Test is going to end]]>
            </line>
            <line>
              <![CDATA[completed successfully...Report generated]]>
            </line>
          </reporter-output>
        </test-method> <!-- tearDownMethod -->
        <test-method status="PASS" signature="page10()[pri:10, instance:com.runner.TestCase@43814d18]" name="page10" duration-ms="6863" started-at="2022-05-17T21:06:34 IST" finished-at="2022-05-17T21:06:41 IST">
          <reporter-output>
          </reporter-output>
        </test-method> <!-- page10 -->
        <test-method status="PASS" signature="tearDownMethod(org.testng.ITestResult)[pri:0, instance:com.runner.TestCase@43814d18]" name="tearDownMethod" is-config="true" duration-ms="776" started-at="2022-05-17T21:06:41 IST" finished-at="2022-05-17T21:06:42 IST">
          <params>
            <param index="0">
              <value>
                <![CDATA[[TestResult name=page10 status=SUCCESS method=TestCase.page10()[pri:10, instance:com.runner.TestCase@43814d18] output={null}]]]>
              </value>
            </param>
          </params>
          <reporter-output>
            <line>
              <![CDATA[Test is going to end]]>
            </line>
            <line>
              <![CDATA[completed successfully...Report generated]]>
            </line>
          </reporter-output>
        </test-method> <!-- tearDownMethod -->
        <test-method status="PASS" signature="teardown()[pri:0, instance:com.runner.TestCase@43814d18]" name="teardown" is-config="true" duration-ms="3147" started-at="2022-05-17T21:06:42 IST" finished-at="2022-05-17T21:06:45 IST">
          <reporter-output>
          </reporter-output>
        </test-method> <!-- teardown -->
      </class> <!-- com.runner.TestCase -->
    </test> <!-- Test -->
  </suite> <!-- Suite -->
</testng-results>
